### Custom WaveView ADV log file, revision N-2017.12-SP2 (build May 31, ) ###
### created at 13:42:03 on Wed Apr 24 2024 (Linux AMD64) ###
### Host Name: localhost.localdomain   User ID: itsupport   PID: 4610   ###
wv_start_log
# (0) running in waveview only mode
# (0) SW_SX_PERL_LIB defined
# (0) SW_SX_TCL_LIB defined
# (0) HOME defined
sx_open_sim_file_read {netlist.tr0}
wv_move_window {Custom WaveView} {} -10 20
wv_resize_browser {Custom WaveView} {} {WV.Browser} 250 699
wv_resize_browser {Custom WaveView} {} {waveview 1:1} 1660 673
wv_resize_window {Custom WaveView} 1920 842
wv_resize_browser {Custom WaveView} {} {WV.Browser} 250 359
wv_resize_browser {Custom WaveView} {} {waveview 1:1} 711 333
wv_select_window {Custom WaveView} 
wv_expand_tree_item {Custom WaveView} {} {hierview} {D0:netlist.tr0(0)} {+sep=@}
wv_select_tree_item {Custom WaveView} {} {hierview} {D0:netlist.tr0(0)@toplevel(0)} {0} {+sep=@}
wv_select_list_item {Custom WaveView} {} {sigview} {v(net5)} 3
wv_dclick_list_item {Custom WaveView} {} {sigview} {v(net5)} 3
wv_select_list_item {Custom WaveView} {} {sigview} {v(result)} 4
wv_dclick_list_item {Custom WaveView} {} {sigview} {v(result)} 4
wv_move_window {Custom WaveView} {} -10 20
wv_resize_browser {Custom WaveView} {} {WV.Browser} 250 699
wv_resize_browser {Custom WaveView} {} {waveview 1:1} 1660 673
wv_resize_window {Custom WaveView} 1920 842
wv_select_window {Custom WaveView} 
wv_close_window {Custom WaveView} 
wv_select_dialog {Confirmation} 
#wv_press_button {Confirmation} {} {Ok} 
#*WARNING* Can not remove '/home/itsupport/.cx_hostport/.cx_hostport_localhost.localdomain_4610'.
